> Task :app:compileDebugKotlin FAILED
e: file:///D:/Projet-Kotlin/AndroidProjects/app/src/main/java/com/example/musep50/data/Repository.kt:54:32 Overload resolution ambiguity between candidates:
fun getPaiementsWithPayerByOperation(operationId: Long): LiveData<List<PaiementWithPayer>>
fun getPaiementsWithPayerByOperation(operationId: Long): LiveData<List<PaiementWithPayer>>
e: file:///D:/Projet-Kotlin/AndroidProjects/app/src/main/java/com/example/musep50/data/dao/PaiementDao.kt:7:12 Redeclaration:
data class PaiementWithPayer : Any
e: file:///D:/Projet-Kotlin/AndroidProjects/app/src/main/java/com/example/musep50/data/dao/PaiementDao.kt:30:5 Conflicting overloads:
fun getPaiementsWithPayerByOperation(operationId: Long): LiveData<List<PaiementWithPayer>>
e: file:///D:/Projet-Kotlin/AndroidProjects/app/src/main/java/com/example/musep50/data/dao/PaiementDao.kt:42:5 Conflicting overloads:
fun getPaiementsWithPayerByOperation(operationId: Long): LiveData<List<PaiementWithPayer>>
e: file:///D:/Projet-Kotlin/AndroidProjects/app/src/main/java/com/example/musep50/data/dao/PaiementWithPayer.kt:6:12 Redeclaration:
data class PaiementWithPayer : Any
e: file:///D:/Projet-Kotlin/AndroidProjects/app/src/main/java/com/example/musep50/ui/AddPaymentDialog.kt:52:21 Unresolved reference 'payerNameInput'.
e: file:///D:/Projet-Kotlin/AndroidProjects/app/src/main/java/com/example/musep50/ui/AddPaymentDialog.kt:75:33 Unresolved reference 'payerNameInput'.
e: file:///D:/Projet-Kotlin/AndroidProjects/app/src/main/java/com/example/musep50/ui/AddPaymentDialog.kt:77:21 Unresolved reference 'payerNameInputLayout'.
e: file:///D:/Projet-Kotlin/AndroidProjects/app/src/main/java/com/example/musep50/ui/AddPaymentDialog.kt:97:33 Unresolved reference 'payerNameInput'.
e: file:///D:/Projet-Kotlin/AndroidProjects/app/src/main/java/com/example/musep50/ui/AddPaymentDialog.kt:102:43 Unresolved reference 'launch'.
e: file:///D:/Projet-Kotlin/AndroidProjects/app/src/main/java/com/example/musep50/ui/AddPaymentDialog.kt:104:41 Suspend function 'suspend fun getAllPayersSync(): List<Payer>' should be called only from a coroutine or another suspend function.
e: file:///D:/Projet-Kotlin/AndroidProjects/app/src/main/java/com/example/musep50/ui/AddPaymentDialog.kt:115:42 Suspend function 'suspend fun insertPayer(payer: Payer): Long' should be called only from a coroutine or another suspend function.
e: file:///D:/Projet-Kotlin/AndroidProjects/app/src/main/java/com/example/musep50/ui/ProfileActivity.kt:38:19 Unresolved reference 'currentUser'.
e: file:///D:/Projet-Kotlin/AndroidProjects/app/src/main/java/com/example/musep50/ui/ProfileActivity.kt:38:47 Cannot infer type for this parameter. Please specify it explicitly.
e: file:///D:/Projet-Kotlin/AndroidProjects/app/src/main/java/com/example/musep50/ui/ProfileActivity.kt:39:19 Cannot infer type for this parameter. Please specify it explicitly.
e: file:///D:/Projet-Kotlin/AndroidProjects/app/src/main/java/com/example/musep50/ui/ProfileActivity.kt:39:19 Unresolved reference. None of the following candidates is applicable because of a receiver type mismatch:
fun <T, R> T.let(block: (T) -> R): R
    [R|Contract description]
     <
        CallsInPlace(block, EXACTLY_ONCE)
    >
e: file:///D:/Projet-Kotlin/AndroidProjects/app/src/main/java/com/example/musep50/ui/ProfileActivity.kt:39:23 Cannot infer type for this parameter. Please specify it explicitly.
e: file:///D:/Projet-Kotlin/AndroidProjects/app/src/main/java/com/example/musep50/ui/ProfileActivity.kt:40:44 Unresolved reference 'nom'.
e: file:///D:/Projet-Kotlin/AndroidProjects/app/src/main/java/com/example/musep50/ui/ProfileActivity.kt:41:45 Unresolved reference 'email'.
e: file:///D:/Projet-Kotlin/AndroidProjects/app/src/main/java/com/example/musep50/ui/ProfileActivity.kt:46:23 Unresolved reference 'loadUserById'.

FAILURE: Build failed with an exception.

* What went wrong:
Execution failed for task ':app:compileDebugKotlin'.
> A failure occurred while executing org.jetbrains.kotlin.compilerRunner.GradleCompilerRunnerWithWorkers$GradleKotlinCompilerWorkAction
   > Compilation error. See log for more details

* Try:
> Run with --stacktrace option to get the stack trace.
> Run with --info or --debug option to get more log output.
> Run with --scan to get full insights.
> Get more help at https://help.gradle.org.

BUILD FAILED in 32s
55 actionable tasks: 55 executed
