> Task :app:compileDebugKotlin FAILED
e: file:///D:/Projet-Kotlin/AndroidProjects/app/src/main/java/com/example/musep50/ui/NewOperationActivity.kt:87:33 Argument type mismatch: actual type is 'java.util.Date', but 'kotlin.Long' was expected.
e: file:///D:/Projet-Kotlin/AndroidProjects/app/src/main/java/com/example/musep50/ui/NewOperationActivity.kt:88:31 Argument type mismatch: actual type is 'java.util.Date', but 'kotlin.Long?' was expected.
e: file:///D:/Projet-Kotlin/AndroidProjects/app/src/main/java/com/example/musep50/ui/ProfileActivity.kt:37:39 Unresolved reference 'observe'.
e: file:///D:/Projet-Kotlin/AndroidProjects/app/src/main/java/com/example/musep50/ui/ProfileActivity.kt:37:55 Cannot infer type for this parameter. Please specify it explicitly.
e: file:///D:/Projet-Kotlin/AndroidProjects/app/src/main/java/com/example/musep50/ui/ProfileActivity.kt:38:19 Cannot infer type for this parameter. Please specify it explicitly.
e: file:///D:/Projet-Kotlin/AndroidProjects/app/src/main/java/com/example/musep50/ui/ProfileActivity.kt:38:19 Unresolved reference. None of the following candidates is applicable because of a receiver type mismatch:
fun <T, R> T.let(block: (T) -> R): R
    [R|Contract description]
     <
        CallsInPlace(block, EXACTLY_ONCE)
    >
e: file:///D:/Projet-Kotlin/AndroidProjects/app/src/main/java/com/example/musep50/ui/ProfileActivity.kt:38:23 Cannot infer type for this parameter. Please specify it explicitly.
e: file:///D:/Projet-Kotlin/AndroidProjects/app/src/main/java/com/example/musep50/ui/ProfileActivity.kt:39:44 Unresolved reference 'nom'.
e: file:///D:/Projet-Kotlin/AndroidProjects/app/src/main/java/com/example/musep50/ui/ProfileActivity.kt:40:45 Unresolved reference 'email'.
e: file:///D:/Projet-Kotlin/AndroidProjects/app/src/main/java/com/example/musep50/viewmodel/AuthViewModel.kt:62:48 Suspend function 'suspend fun getUserById(id: Long): User?' should be called only from a coroutine or another suspend function.

FAILURE: Build failed with an exception.

* What went wrong:
Execution failed for task ':app:compileDebugKotlin'.
> A failure occurred while executing org.jetbrains.kotlin.compilerRunner.GradleCompilerRunnerWithWorkers$GradleKotlinCompilerWorkAction
   > Compilation error. See log for more details

* Try:
> Run with --stacktrace option to get the stack trace.
> Run with --info or --debug option to get more log output.
> Run with --scan to get full insights.
> Get more help at https://help.gradle.org.

BUILD FAILED in 18s
55 actionable tasks: 55 executed
